2025-06-25 16:38:52.955 INFO  com.titos.train.member.config.MemberApplication   :51   [32m                  [0;39m Starting MemberApplication using Java 17.0.15 with PID 20636 (D:\JavaProject\TicketSystem\member\target\classes started by Titos in D:\JavaProject\TicketSystem)
2025-06-25 16:38:52.957 INFO  com.titos.train.member.config.MemberApplication   :630  [32m                  [0;39m No active profile set, falling back to 1 default profile: "default"
2025-06-25 16:38:53.504 INFO  o.s.boot.web.embedded.tomcat.TomcatWebServer      :114  [32m                  [0;39m Tomcat initialized with port(s): 8001 (http)
2025-06-25 16:38:53.510 INFO  org.apache.coyote.http11.Http11NioProtocol        :173  [32m                  [0;39m Initializing ProtocolHandler ["http-nio-8001"]
2025-06-25 16:38:53.513 INFO  org.apache.catalina.core.StandardService          :173  [32m                  [0;39m Starting service [Tomcat]
2025-06-25 16:38:53.514 INFO  org.apache.catalina.core.StandardEngine           :173  [32m                  [0;39m Starting Servlet engine: [Apache Tomcat/10.1.1]
2025-06-25 16:38:53.566 INFO  o.a.c.c.C.[Tomcat].[localhost].[/member]          :173  [32m                  [0;39m Initializing Spring embedded WebApplicationContext
2025-06-25 16:38:53.567 INFO  o.s.b.w.s.c.ServletWebServerApplicationContext    :291  [32m                  [0;39m Root WebApplicationContext: initialization completed in 579 ms
2025-06-25 16:38:53.807 INFO  org.apache.coyote.http11.Http11NioProtocol        :173  [32m                  [0;39m Starting ProtocolHandler ["http-nio-8001"]
2025-06-25 16:38:53.826 INFO  o.s.boot.web.embedded.tomcat.TomcatWebServer      :226  [32m                  [0;39m Tomcat started on port(s): 8001 (http) with context path '/member'
2025-06-25 16:38:53.830 INFO  com.titos.train.member.config.MemberApplication   :57   [32m                  [0;39m Started MemberApplication in 1.386 seconds (process running for 1.905)
2025-06-25 16:38:53.831 INFO  com.titos.train.member.config.MemberApplication   :19   [32m                  [0;39m 启动成功！！
2025-06-25 16:38:53.832 INFO  com.titos.train.member.config.MemberApplication   :20   [32m                  [0;39m 测试地址: 	http://127.0.0.1:8001/member/hello
2025-06-25 16:40:59.239 INFO  com.titos.train.member.config.MemberApplication   :51   [32m                  [0;39m Starting MemberApplication using Java 17.0.15 with PID 24460 (D:\JavaProject\TicketSystem\member\target\classes started by Titos in D:\JavaProject\TicketSystem)
2025-06-25 16:40:59.245 INFO  com.titos.train.member.config.MemberApplication   :630  [32m                  [0;39m No active profile set, falling back to 1 default profile: "default"
2025-06-25 16:40:59.811 INFO  o.s.boot.web.embedded.tomcat.TomcatWebServer      :114  [32m                  [0;39m Tomcat initialized with port(s): 8001 (http)
2025-06-25 16:40:59.817 INFO  org.apache.coyote.http11.Http11NioProtocol        :173  [32m                  [0;39m Initializing ProtocolHandler ["http-nio-8001"]
2025-06-25 16:40:59.817 INFO  org.apache.catalina.core.StandardService          :173  [32m                  [0;39m Starting service [Tomcat]
2025-06-25 16:40:59.818 INFO  org.apache.catalina.core.StandardEngine           :173  [32m                  [0;39m Starting Servlet engine: [Apache Tomcat/10.1.1]
2025-06-25 16:40:59.868 INFO  o.a.c.c.C.[Tomcat].[localhost].[/member]          :173  [32m                  [0;39m Initializing Spring embedded WebApplicationContext
2025-06-25 16:40:59.868 INFO  o.s.b.w.s.c.ServletWebServerApplicationContext    :291  [32m                  [0;39m Root WebApplicationContext: initialization completed in 570 ms
2025-06-25 16:41:00.117 INFO  org.apache.coyote.http11.Http11NioProtocol        :173  [32m                  [0;39m Starting ProtocolHandler ["http-nio-8001"]
2025-06-25 16:41:00.136 INFO  o.s.boot.web.embedded.tomcat.TomcatWebServer      :226  [32m                  [0;39m Tomcat started on port(s): 8001 (http) with context path '/member'
2025-06-25 16:41:00.142 INFO  com.titos.train.member.config.MemberApplication   :57   [32m                  [0;39m Started MemberApplication in 1.472 seconds (process running for 2.075)
2025-06-25 16:41:00.144 INFO  com.titos.train.member.config.MemberApplication   :19   [32m                  [0;39m 启动成功！！
2025-06-25 16:41:00.144 INFO  com.titos.train.member.config.MemberApplication   :20   [32m                  [0;39m 测试地址: 	http://127.0.0.1:8001/member/hello
